<?xml version="1.0" encoding="utf-8"?><testsuites name="pytest tests"><testsuite name="pytest" errors="0" failures="0" skipped="0" tests="21" time="4.604" timestamp="2026-05-12T13:22:39.380552+00:00" hostname="agent-env-8d919bbd-5d8b-47a3-bf15-b6f91c397787"><testcase classname="backend.tests.test_iter2_storage_and_currency.TestPlansMultiCurrency" name="test_plans_no_currency_defaults_usd" time="0.325" /><testcase classname="backend.tests.test_iter2_storage_and_currency.TestPlansMultiCurrency" name="test_plans_usd_explicit" time="0.052" /><testcase classname="backend.tests.test_iter2_storage_and_currency.TestPlansMultiCurrency" name="test_plans_inr" time="0.048" /><testcase classname="backend.tests.test_iter2_storage_and_currency.TestPlansMultiCurrency" name="test_plans_unsupported_falls_back_usd" time="0.048" /><testcase classname="backend.tests.test_iter2_storage_and_currency.TestPlansMultiCurrency" name="test_plans_response_has_comparison_and_supported" time="0.045" /><testcase classname="backend.tests.test_iter2_storage_and_currency.TestCheckoutCurrency" name="test_checkout_inr_premium" time="0.912" /><testcase classname="backend.tests.test_iter2_storage_and_currency.TestCheckoutCurrency" name="test_checkout_usd_basic" time="0.464" /><testcase classname="backend.tests.test_iter2_storage_and_currency.TestCheckoutCurrency" name="test_checkout_rejects_invalid_package" time="0.046" /><testcase classname="backend.tests.test_iter2_storage_and_currency.TestPhotoUpload" name="test_upload_requires_auth" time="0.049" /><testcase classname="backend.tests.test_iter2_storage_and_currency.TestPhotoUpload" name="test_upload_real_png_success" time="0.194" /><testcase classname="backend.tests.test_iter2_storage_and_currency.TestPhotoUpload" name="test_get_file_returns_bytes_with_query_auth" time="0.180" /><testcase classname="backend.tests.test_iter2_storage_and_currency.TestPhotoUpload" name="test_get_file_no_auth_still_returns_bytes" time="0.148" /><testcase classname="backend.tests.test_iter2_storage_and_currency.TestPhotoUpload" name="test_get_file_nonexistent_returns_404" time="0.050" /><testcase classname="backend.tests.test_iter2_storage_and_currency.TestPhotoUpload" name="test_upload_rejects_non_image_content_type" time="0.049" /><testcase classname="backend.tests.test_iter2_storage_and_currency.TestPhotoUpload" name="test_upload_rejects_too_small" time="0.054" /><testcase classname="backend.tests.test_iter2_storage_and_currency.TestPhotoUpload" name="test_upload_rejects_over_8mb" time="0.436" /><testcase classname="backend.tests.test_iter2_storage_and_currency.TestPhotoUpload" name="test_delete_only_owner" time="0.734" /><testcase classname="backend.tests.test_iter2_storage_and_currency.TestPhotoUpload" name="test_delete_pulls_from_user_photos" time="0.299" /><testcase classname="backend.tests.test_iter2_storage_and_currency.TestRegression" name="test_login_works" time="0.271" /><testcase classname="backend.tests.test_iter2_storage_and_currency.TestRegression" name="test_swipes_deck" time="0.048" /><testcase classname="backend.tests.test_iter2_storage_and_currency.TestRegression" name="test_billing_history_has_currency" time="0.047" /></testsuite></testsuites>