<?xml version="1.0" encoding="utf-8"?><testsuites name="pytest tests"><testsuite name="pytest" errors="0" failures="1" skipped="0" tests="40" time="42.225" timestamp="2026-05-12T12:48:53.571760+00:00" hostname="agent-env-8d919bbd-5d8b-47a3-bf15-b6f91c397787"><testcase classname="backend.tests.backend_test" name="test_root_ok" time="0.217" /><testcase classname="backend.tests.backend_test.TestAuth" name="test_register_underage_rejected" time="0.069" /><testcase classname="backend.tests.backend_test.TestAuth" name="test_register_missing_consent_rejected" time="0.071" /><testcase classname="backend.tests.backend_test.TestAuth" name="test_register_success_returns_token_and_otp" time="0.289" /><testcase classname="backend.tests.backend_test.TestAuth" name="test_register_duplicate_rejected" time="0.068" /><testcase classname="backend.tests.backend_test.TestAuth" name="test_login_demo_success" time="0.289" /><testcase classname="backend.tests.backend_test.TestAuth" name="test_login_wrong_password" time="0.288" /><testcase classname="backend.tests.backend_test.TestAuth" name="test_otp_request_and_verify" time="0.139" /><testcase classname="backend.tests.backend_test.TestAuth" name="test_otp_verify_invalid" time="0.066" /><testcase classname="backend.tests.backend_test.TestAuth" name="test_me_requires_auth" time="0.065" /><testcase classname="backend.tests.backend_test.TestAuth" name="test_me_excludes_password_hash_and_id" time="0.378" /><testcase classname="backend.tests.backend_test.TestProfile" name="test_complete_profile_ok" time="5.282" /><testcase classname="backend.tests.backend_test.TestProfile" name="test_complete_profile_blocks_abusive_bio" time="3.343" /><testcase classname="backend.tests.backend_test.TestSwipes" name="test_swipe_state_initial" time="0.072" /><testcase classname="backend.tests.backend_test.TestSwipes" name="test_swipe_deck_excludes_admin_and_self" time="0.073" /><testcase classname="backend.tests.backend_test.TestSwipes" name="test_swipe_action_consumes" time="0.206" /><testcase classname="backend.tests.backend_test.TestSwipes" name="test_swipe_out_of_swipes_returns_402" time="1.179" /><testcase classname="backend.tests.backend_test.TestSwipes" name="test_mutual_like_creates_match" time="5.443" /><testcase classname="backend.tests.backend_test.TestMatchesChat" name="test_list_matches" time="0.068" /><testcase classname="backend.tests.backend_test.TestMatchesChat" name="test_send_and_list_messages" time="2.397" /><testcase classname="backend.tests.backend_test.TestMatchesChat" name="test_send_message_blocks_abusive" time="3.020" /><testcase classname="backend.tests.backend_test.TestMatchesChat" name="test_icebreaker_returns_3" time="3.737" /><testcase classname="backend.tests.backend_test.TestSafety" name="test_report_creates_and_shadow_bans_after_3" time="1.377" /><testcase classname="backend.tests.backend_test.TestSafety" name="test_block_excludes_from_deck" time="0.215" /><testcase classname="backend.tests.backend_test.TestSafety" name="test_safety_settings_get_put" time="0.211" /><testcase classname="backend.tests.backend_test.TestPrivacy" name="test_privacy_settings_get_put" time="0.217" /><testcase classname="backend.tests.backend_test.TestPrivacy" name="test_privacy_export" time="0.069" /><testcase classname="backend.tests.backend_test.TestPrivacy" name="test_cookie_consent" time="0.069" /><testcase classname="backend.tests.backend_test.TestPrivacy" name="test_delete_account_anonymizes" time="0.359" /><testcase classname="backend.tests.backend_test.TestPlans" name="test_plans_endpoint" time="0.070" /><testcase classname="backend.tests.backend_test.TestCheckout" name="test_create_checkout_session_basic" time="0.535" /><testcase classname="backend.tests.backend_test.TestCheckout" name="test_create_checkout_invalid_package" time="0.073" /><testcase classname="backend.tests.backend_test.TestCheckout" name="test_checkout_status_polls" time="3.232"><failure message="AssertionError: got 502: {&quot;detail&quot;:&quot;Payment status error&quot;}&#10;assert 502 == 200&#10; +  where 502 = &lt;Response [502]&gt;.status_code">E   AssertionError: got 502: {"detail":"Payment status error"}
    assert 502 == 200
     +  where 502 = &lt;Response [502]&gt;.status_code</failure></testcase><testcase classname="backend.tests.backend_test.TestModerate" name="test_moderate_clean" time="5.349" /><testcase classname="backend.tests.backend_test.TestModerate" name="test_moderate_flags_hate" time="2.888" /><testcase classname="backend.tests.backend_test.TestAdmin" name="test_admin_required" time="0.070" /><testcase classname="backend.tests.backend_test.TestAdmin" name="test_admin_stats" time="0.363" /><testcase classname="backend.tests.backend_test.TestAdmin" name="test_admin_reports" time="0.076" /><testcase classname="backend.tests.backend_test.TestAdmin" name="test_admin_users" time="0.074" /><testcase classname="backend.tests.backend_test.TestAdmin" name="test_admin_action_and_audit" time="0.142" /></testsuite></testsuites>